<?xml version="1.0" encoding="UTF-8"?>
<testng-results ignored="0" total="1" passed="1" failed="0" skipped="0">
  <reporter-output>
  </reporter-output>
  <suite started-at="2022-06-03T14:07:23 IST" name="Default suite" finished-at="2022-06-03T14:07:40 IST" duration-ms="16732">
    <groups>
    </groups>
    <test started-at="2022-06-03T14:07:23 IST" name="Default test" finished-at="2022-06-03T14:07:40 IST" duration-ms="16732">
      <class name="Sample.Frist">
        <test-method signature="test()[pri:0, instance:Sample.Frist@446293d]" started-at="2022-06-03T14:07:23 IST" name="test" finished-at="2022-06-03T14:07:40 IST" duration-ms="16644" status="PASS">
          <reporter-output>
          </reporter-output>
        </test-method> <!-- test -->
      </class> <!-- Sample.Frist -->
    </test> <!-- Default test -->
  </suite> <!-- Default suite -->
</testng-results>
