<?xml version="1.0" encoding="UTF-8"?>
<testng-results skipped="0" failed="0" ignored="0" total="1" passed="1">
  <reporter-output>
  </reporter-output>
  <suite name="Default suite" duration-ms="6889" started-at="2022-06-14T17:53:09 IST" finished-at="2022-06-14T17:53:16 IST">
    <groups>
    </groups>
    <test name="Default test" duration-ms="6889" started-at="2022-06-14T17:53:09 IST" finished-at="2022-06-14T17:53:16 IST">
      <class name="Javascript.HttpCertification">
        <test-method status="PASS" signature="handlehttpcertification()[pri:0, instance:Javascript.HttpCertification@2bbf4b8b]" name="handlehttpcertification" duration-ms="6819" started-at="2022-06-14T17:53:09 IST" finished-at="2022-06-14T17:53:16 IST">
          <reporter-output>
          </reporter-output>
        </test-method> <!-- handlehttpcertification -->
      </class> <!-- Javascript.HttpCertification -->
    </test> <!-- Default test -->
  </suite> <!-- Default suite -->
</testng-results>
